app/build/outputs/mapping/release/seeds.txt
com.honeypie.launcher.MainActivity
com.honeypie.launcher.MainActivity: com.honeypie.launcher.AppRepository repository
com.honeypie.launcher.MainActivity: android.widget.EditText searchEditText
com.honeypie.launcher.MainActivity: com.honeypie.launcher.MainActivity$packageReceiver$1 packageReceiver
com.honeypie.launcher.MainActivity: com.honeypie.launcher.AppAdapter adapter
com.honeypie.launcher.MainActivity: com.honeypie.launcher.AppRepository access$getRepository$p(com.honeypie.launcher.MainActivity)
com.honeypie.launcher.MainActivity: void updateList()
com.honeypie.launcher.MainActivity: MainActivity()
com.honeypie.launcher.MainActivity: void onDestroy()
com.honeypie.launcher.MainActivity: void onCreate(android.os.Bundle)
com.honeypie.launcher.MainActivity: void onResume()
com.honeypie.launcher.MainActivity: kotlin.Unit onCreate$lambda$0(com.honeypie.launcher.MainActivity,com.honeypie.launcher.AppInfo)
com.honeypie.launcher.MainActivity: void onBackPressed()
com.honeypie.launcher.MainActivity: void access$updateList(com.honeypie.launcher.MainActivity)
...
androidx.startup.InitializationProvider
androidx.profileinstaller.ProfileInstallReceiver
androidx.lifecycle.CompositeGeneratedAdaptersObserver
androidx.profileinstaller.ProfileInstallerInitializer
androidx.core.app.RemoteActionCompatParcelizer
androidx.core.graphics.drawable.IconCompat
androidx.lifecycle.DefaultLifecycleObserverAdapter
android.support.v4.app.RemoteActionCompatParcelizer
androidx.versionedparcelable.CustomVersionedParcelable
androidx.core.app.CoreComponentFactory
androidx.lifecycle.SingleGeneratedAdapterObserver
androidx.versionedparcelable.ParcelImpl
androidx.annotation.Keep
androidx.recyclerview.widget.StaggeredGridLayoutManager
android.support.v4.graphics.drawable.IconCompatParcelizer
androidx.recyclerview.widget.GridLayoutManager
androidx.recyclerview.widget.RecyclerView
androidx.lifecycle.LifecycleCoroutineScopeImpl
androidx.core.app.RemoteActionCompat
androidx.core.graphics.drawable.IconCompatParcelizer
androidx.recyclerview.widget.LinearLayoutManager
androidx.lifecycle.ReflectiveGenericLifecycleObserver
androidx.concurrent.futures.AbstractResolvableFuture: androidx.concurrent.futures.AbstractResolvableFuture$Listener listeners
androidx.concurrent.futures.AbstractResolvableFuture$Waiter: java.lang.Thread thread
androidx.recyclerview.widget.StaggeredGridLayoutManager$SavedState: android.os.Parcelable$Creator CREATOR
androidx.concurrent.futures.AbstractResolvableFuture$Waiter: androidx.concurrent.futures.AbstractResolvableFuture$Waiter next
androidx.recyclerview.widget.StaggeredGridLayoutManager$LazySpanLookup$FullSpanItem: android.os.Parcelable$Creator CREATOR
androidx.concurrent.futures.AbstractResolvableFuture: java.lang.Object value
androidx.recyclerview.widget.RecyclerView$SavedState: android.os.Parcelable$Creator CREATOR
androidx.concurrent.futures.AbstractResolvableFuture: androidx.concurrent.futures.AbstractResolvableFuture$Waiter waiters
androidx.versionedparcelable.ParcelImpl: android.os.Parcelable$Creator CREATOR
androidx.recyclerview.widget.LinearLayoutManager$SavedState: android.os.Parcelable$Creator CREATOR
androidx.customview.view.AbsSavedState: android.os.Parcelable$Creator CREATOR
androidx.core.graphics.drawable.IconCompat: IconCompat()
androidx.recyclerview.widget.RecyclerView: void setItemAnimator(androidx.recyclerview.widget.RecyclerView$ItemAnimator)
androidx.recyclerview.widget.RecyclerView: void setDebugAssertionsEnabled(boolean)
androidx.core.view.ViewCompat$Api29Impl: android.view.View$AccessibilityDelegate getAccessibilityDelegate(android.view.View)
androidx.recyclerview.widget.RecyclerView: void setEdgeEffectFactory(androidx.recyclerview.widget.RecyclerView$EdgeEffectFactory)
androidx.core.view.ViewCompat$Api26Impl: int getImportantForAutofill(android.view.View)
androidx.core.view.ViewCompat$Api28Impl: boolean isScreenReaderFocusable(android.view.View)
androidx.recyclerview.widget.RecyclerView: void setAccessibilityDelegateCompat(androidx.recyclerview.widget.RecyclerViewAccessibilityDelegate)
androidx.recyclerview.widget.RecyclerView: void setChildDrawingOrderCallback(androidx.recyclerview.widget.RecyclerView$ChildDrawingOrderCallback)
androidx.core.graphics.drawable.IconCompatParcelizer: IconCompatParcelizer()
androidx.core.widget.EdgeEffectCompat$Api31Impl: float getDistance(android.widget.EdgeEffect)
androidx.core.widget.EdgeEffectCompat$Api31Impl: float onPullDistance(android.widget.EdgeEffect,float,float)
androidx.recyclerview.widget.RecyclerView: RecyclerView(android.content.Context,android.util.AttributeSet)
androidx.recyclerview.widget.RecyclerView: void setOnScrollListener(androidx.recyclerview.widget.RecyclerView$OnScrollListener)
androidx.recyclerview.widget.RecyclerView: void setViewCacheExtension(androidx.recyclerview.widget.RecyclerView$ViewCacheExtension)
androidx.tracing.TraceApi29Impl: boolean isEnabled()
androidx.recyclerview.widget.RecyclerView: androidx.recyclerview.widget.RecyclerView$Adapter getAdapter()