app/build/outputs/mapping/release/mapping.txt
# compiler: R8
# compiler_version: 8.10.24
# min_api: 24
# common_typos_disable
# {"id":"com.android.tools.r8.mapping","version":"2.2"}
# pg_map_id: 44539ea
# pg_map_hash: SHA-256 44539ea1efc62c440074dfc53095b162a0def1d834d3b8bf9e268ad256cbe699
com.honeypie.launcher.AppAdapter -> s.c:
# {"id":"sourceFile","fileName":"AppAdapter.kt"}
    androidx.recyclerview.widget.AsyncListDiffer androidx.recyclerview.widget.ListAdapter.mDiffer -> c
      # {"id":"com.android.tools.r8.residualsignature","signature":"Lo/f;"}
    kotlin.jvm.functions.Function1 onAppClick -> d
      # {"id":"com.android.tools.r8.residualsignature","signature":"Ls/f;"}
    1:3:void androidx.recyclerview.widget.ListAdapter.<init>(androidx.recyclerview.widget.DiffUtil$ItemCallback):107:107 -> <init>
    1:3:void <init>(kotlin.jvm.functions.Function1):17 -> <init>
      # {"id":"com.android.tools.r8.residualsignature","signature":"(Ls/f;)V"}
    4:8:void androidx.recyclerview.widget.ListAdapter.<init>(androidx.recyclerview.widget.DiffUtil$ItemCallback):97:97 -> <init>
    4:8:void <init>(kotlin.jvm.functions.Function1):17 -> <init>
    9:15:void androidx.recyclerview.widget.ListAdapter.<init>(androidx.recyclerview.widget.DiffUtil$ItemCallback):108:108 -> <init>
    9:15:void <init>(kotlin.jvm.functions.Function1):17 -> <init>
    16:18:androidx.recyclerview.widget.AsyncDifferConfig androidx.recyclerview.widget.AsyncDifferConfig$Builder.build():129:129 -> <init>
    16:18:void androidx.recyclerview.widget.ListAdapter.<init>(androidx.recyclerview.widget.DiffUtil$ItemCallback):109 -> <init>
    16:18:void <init>(kotlin.jvm.functions.Function1):17 -> <init>
com.honeypie.launcher.AppAdapter$AppDiffCallback -> R8$$REMOVED$$CLASS$$28:
# {"id":"sourceFile","fileName":"AppAdapter.kt"}
com.honeypie.launcher.AppAdapter$AppViewHolder -> s.b:
# {"id":"sourceFile","fileName":"AppAdapter.kt"}
    android.widget.ImageView icon -> t
    android.widget.TextView label -> u
    1:6:void <init>(com.honeypie.launcher.AppAdapter,android.view.View):29:29 -> <init>
      # {"id":"com.android.tools.r8.residualsignature","signature":"(Ls/c;Landroid/view/View;)V"}
    7:22:void <init>(com.honeypie.launcher.AppAdapter,android.view.View):30:30 -> <init>
    23:33:void <init>(com.honeypie.launcher.AppAdapter,android.view.View):31:31 -> <init>
    34:42:void <init>(com.honeypie.launcher.AppAdapter,android.view.View):34:34 -> <init>
com.honeypie.launcher.AppAdapter$AppViewHolder$$ExternalSyntheticLambda0 -> s.a:
# {"id":"sourceFile","fileName":"R8$$SyntheticClass"}
# {"id":"com.android.tools.r8.synthesized"}
    com.honeypie.launcher.AppAdapter$AppViewHolder com.honeypie.launcher.AppAdapter$AppViewHolder$$InternalSyntheticLambda$2$ae6efb39a4f853f92b0ea583a3b477cb573350175c6b42415e92084d7ede45a3$0.f$0 -> a
      # {"id":"com.android.tools.r8.residualsignature","signature":"Ls/b;"}
      # {"id":"com.android.tools.r8.synthesized"}
    com.honeypie.launcher.AppAdapter com.honeypie.launcher.AppAdapter$AppViewHolder$$InternalSyntheticLambda$2$ae6efb39a4f853f92b0ea583a3b477cb573350175c6b42415e92084d7ede45a3$0.f$1 -> b
      # {"id":"com.android.tools.r8.residualsignature","signature":"Ls/c;"}
      # {"id":"com.android.tools.r8.synthesized"}
    1:1:void s.AppAdapter$AppViewHolder$$ExternalSyntheticLambda0.<init>(s.AppAdapter$AppViewHolder,s.AppAdapter):0:0 -> <init>
      # {"id":"com.android.tools.r8.synthesized"}
      # {"id":"com.android.tools.r8.residualsignature","signature":"(Ls/b;Ls/c;)V"}
    1:9:int androidx.recyclerview.widget.RecyclerView$ViewHolder.getBindingAdapterPosition():12210:12210 -> onClick
    1:9:void com.honeypie.launcher.AppAdapter$AppViewHolder._init_$lambda$0(com.honeypie.launcher.AppAdapter$AppViewHolder,com.honeypie.launcher.AppAdapter,android.view.View):35 -> onClick
...
androidx.recyclerview.widget.LinearLayoutManager$LayoutState -> o.K:
# {"id":"sourceFile","fileName":"LinearLayoutManager.java"}
    boolean mRecycle -> a
    int mOffset -> b
    int mAvailable -> c
    int mCurrentPosition -> d
    int mItemDirection -> e
    int mLayoutDirection -> f
    int mScrollingOffset -> g
    int mExtraFillSpace -> h
    int mNoRecycleSpace -> i
    int mLastScrollDelta -> j
    java.util.List mScrapList -> k
    boolean mInfinite -> l
    1:13:android.view.View nextViewInLimitedList(android.view.View):2466:2466 -> a
    1:13:void assignPositionFromScrapList(android.view.View):2456 -> a
    14:23:android.view.View nextViewInLimitedList(android.view.View):2473:2473 -> a
    14:23:void assignPositionFromScrapList(android.view.View):2456 -> a
    24:31:android.view.View nextViewInLimitedList(android.view.View):2475:2475 -> a
    24:31:void assignPositionFromScrapList(android.view.View):2456 -> a
    32:33:boolean androidx.recyclerview.widget.RecyclerView$LayoutParams.isItemRemoved():12758:12758 -> a
    32:33:android.view.View nextViewInLimitedList(android.view.View):2476 -> a
      # {"id":"com.android.tools.r8.rewriteFrame","conditions":["throws(Ljava/lang/NullPointerException;)"],"actions":["removeInnerFrames(1)"]}
    32:33:void assignPositionFromScrapList(android.view.View):2456 -> a
    34:40:boolean androidx.recyclerview.widget.RecyclerView$LayoutParams.isItemRemoved():12758:12758 -> a
androidx.recyclerview.widget.LinearLayoutManager$SavedState -> o.M:
# {"id":"sourceFile","fileName":"LinearLayoutManager.java"}
    int mAnchorPosition -> a
    int mAnchorOffset -> b
    boolean mAnchorLayoutFromEnd -> c
    1:3:void <clinit>():2550:2550 -> <clinit>
    4:6:void androidx.recyclerview.widget.LinearLayoutManager$SavedState$1.<init>():2551:2551 -> <clinit>
    4:6:void <clinit>():2550 -> <clinit>
    7:9:void <clinit>():2550:2550 -> <clinit>
    1:2:int describeContents():2540:2540 -> describeContents
    1:5:void writeToParcel(android.os.Parcel,int):2545:2545 -> writeToParcel
    6:10:void writeToParcel(android.os.Parcel,int):2546:2546 -> writeToParcel
    11:16:void writeToParcel(android.os.Parcel,int):2547:2547 -> writeToParcel
androidx.recyclerview.widget.LinearLayoutManager$SavedState$1 -> o.L:
# {"id":"sourceFile","fileName":"LinearLayoutManager.java"}
    int o.LinearLayoutManager$SavedState$1.$r8$classId -> a
      # {"id":"com.android.tools.r8.synthesized"}
    1:1:void o.LinearLayoutManager$SavedState$1.<init>(int):0:0 -> <init>
      # {"id":"com.android.tools.r8.synthesized"}
    6:11:androidx.versionedparcelable.ParcelImpl androidx.versionedparcelable.ParcelImpl$1.createFromParcel(android.os.Parcel):63:63 -> createFromParcel
    6:11:java.lang.Object androidx.versionedparcelable.ParcelImpl$1.createFromParcel(android.os.Parcel):60 -> createFromParcel
    12:13:androidx.recyclerview.widget.StaggeredGridLayoutManager$SavedState androidx.recyclerview.widget.StaggeredGridLayoutManager$SavedState$1.createFromParcel(android.os.Parcel):3270:3270 -> createFromParcel
    12:13:java.lang.Object androidx.recyclerview.widget.StaggeredGridLayoutManager$SavedState$1.createFromParcel(android.os.Parcel):3267 -> createFromParcel
    14:16:void androidx.recyclerview.widget.StaggeredGridLayoutManager$SavedState.<init>(android.os.Parcel):3192:3192 -> createFromParcel
    14:16:androidx.recyclerview.widget.StaggeredGridLayoutManager$SavedState androidx.recyclerview.widget.StaggeredGridLayoutManager$SavedState$1.createFromParcel(android.os.Parcel):3270 -> createFromParcel