app/build/outputs/mapping/release/usage.txt
com.honeypie.launcher.AppInfo:
    public final java.lang.String component1()
    public final java.lang.String component2()
    public final android.graphics.drawable.Drawable component3()
    public final com.honeypie.launcher.AppInfo copy(java.lang.String,java.lang.String,android.graphics.drawable.Drawable)
    public static synthetic com.honeypie.launcher.AppInfo copy$default(com.honeypie.launcher.AppInfo,java.lang.String,java.lang.String,android.graphics.drawable.Drawable,int,java.lang.Object)
com.honeypie.launcher.LauncherController:
    private static final java.lang.String TAG
com.honeypie.launcher.R$color
com.honeypie.launcher.R$drawable
com.honeypie.launcher.R$id:
    private void <init>()
com.honeypie.launcher.R$layout:
    private void <init>()
com.honeypie.launcher.R$mipmap
com.honeypie.launcher.R$string
com.honeypie.launcher.R$style
com.honeypie.launcher.R
com.honeypie.launcher.AppAdapter$AppDiffCallback
com.honeypie.launcher.AppAdapter$AppViewHolder:
    public final synthetic com.honeypie.launcher.AppAdapter this$0
    public static void bind()
com.honeypie.launcher.AppAdapter:
    public final androidx.recyclerview.widget.ListAdapter$1 mListener
    public final java.lang.Object getItem(int)
    public final void onBindViewHolder()
    public static void onBindViewHolder$2()
    public final androidx.recyclerview.widget.RecyclerView$ViewHolder onCreateViewHolder()
    public static com.honeypie.launcher.AppAdapter$AppViewHolder onCreateViewHolder()
    public static void onCurrentListChanged()
com.honeypie.launcher.AppInfo:
    public static android.graphics.drawable.Drawable getIcon()
    public static java.lang.String getLabel()
    public static java.lang.String getPackageName()
com.honeypie.launcher.AppRepository$loadApps$$inlined$compareBy$1:
    public final synthetic java.util.Comparator $comparator
com.honeypie.launcher.AppRepository:
    public static java.util.List getApps()
    public static void refresh()
com.honeypie.launcher.LauncherController
com.honeypie.launcher.MainActivity$$InternalSyntheticLambda$1$6621d8f928fb52210197c5a83d91241f0758490d58fb955bcefff4685885ee40$0:
    public final java.lang.Object invoke(java.lang.Object)
com.honeypie.launcher.R$id
com.honeypie.launcher.R$layout
com.honeypie.launcher.SearchManager
...
androidx.recyclerview.widget.OpReorderer:
    public static void reorderOps()
    public static void swapMoveRemove()
    public static void swapMoveUpdate()
androidx.recyclerview.widget.OrientationHelper:
    public final int getTotalSpaceChange()
    public abstract void onLayoutComplete()
androidx.recyclerview.widget.RecyclerView$$InternalSyntheticThrowCCEIfNotNull$13$25afd68fa2348859b7543da3a4a459d8c399b73922bc144b750ebd2ecb97ea96$0
androidx.recyclerview.widget.RecyclerView$$InternalSyntheticThrowCCEIfNotNull$13$d0c8fb5152f7346534634e64c58a01049944a6d1492d1200890f23d1433c266c$0
androidx.recyclerview.widget.RecyclerView$4:
    public static void processPersistent()
    public final void unused(androidx.recyclerview.widget.RecyclerView$ViewHolder)
androidx.recyclerview.widget.RecyclerView$5:
    public static float getScaledScrollFactor()
    public static boolean startDifferentialMotionFling()
    public static void stopDifferentialMotionFling()
androidx.recyclerview.widget.RecyclerView$6:
    public static void addView()
    public static void attachViewToParent()
    public static void detachViewFromParent()
    public static android.view.View getChildAt()
    public static int getChildCount()
    public static androidx.recyclerview.widget.RecyclerView$ViewHolder getChildViewHolder()
    public static int indexOfChild()
    public static void onEnteredHiddenState()
    public final void onLeftHiddenState(android.view.View)
    public static void removeAllViews()
androidx.recyclerview.widget.RecyclerView$7:
    public final void offsetPositionsForRemovingInvisible(int,int)
    public static void offsetPositionsForRemovingLaidOutOrNewView()
    public static void onDispatchFirstPass()
    public static void onDispatchSecondPass()
androidx.recyclerview.widget.RecyclerView$Adapter$StateRestorationPolicy$EnumUnboxingLocalUtility
androidx.recyclerview.widget.RecyclerView$Adapter$StateRestorationPolicy
androidx.recyclerview.widget.RecyclerView$Adapter:
    public boolean mHasStableIds
    public abstract void bindViewHolder()
    public abstract boolean canRestoreState()
    public abstract androidx.recyclerview.widget.RecyclerView$ViewHolder createViewHolder()
    public abstract int findRelativeAdapterPositionIn()
    public abstract long getItemId()
    public abstract int getItemViewType()
    public abstract boolean hasStableIds()
    public abstract void notifyItemMoved()
    public abstract void notifyItemRangeChanged()
    public abstract void notifyItemRangeInserted()
    public abstract void notifyItemRangeRemoved()
    public abstract void onAttachedToRecyclerView()
    public abstract void onBindViewHolder()
    public abstract void onBindViewHolder$1()
    public abstract androidx.recyclerview.widget.RecyclerView$ViewHolder onCreateViewHolder()
    public abstract void onDetachedFromRecyclerView()
    public abstract boolean onFailedToRecycleView()
    public abstract void onViewAttachedToWindow()
    public abstract void onViewDetachedFromWindow()
    public abstract void onViewRecycled()
    public abstract void registerAdapterDataObserver()
    public abstract void unregisterAdapterDataObserver()
androidx.recyclerview.widget.RecyclerView$AdapterDataObserver
androidx.recyclerview.widget.RecyclerView$ChildDrawingOrderCallback:
    public abstract int onGetChildDrawingOrder()
androidx.recyclerview.widget.RecyclerView$EdgeEffectFactory:
    public abstract android.widget.EdgeEffect createEdgeEffect(androidx.recyclerview.widget.RecyclerView)
androidx.recyclerview.widget.RecyclerView$ItemAnimator$$InternalSyntheticThrowCCEIfNotNull$10$b727cf6321d32d3f0b16a60ed66915ec0f245e056170aafe3b4c4cf626d65f87$0
androidx.recyclerview.widget.RecyclerView$ItemAnimator$ItemAnimatorFinishedListener
androidx.recyclerview.widget.RecyclerView$ItemAnimator$ItemAnimatorListener